2019-05-25 04:14:09,134 DEBUG    root            Loaded Command Group: [u'gcloud', u'config']
2019-05-25 04:14:09,142 DEBUG    root            Loaded Command Group: [u'gcloud', u'config', u'config_helper']
2019-05-25 04:14:09,157 DEBUG    root            Running [gcloud.config.config-helper] with arguments: [--format: "json"]
2019-05-25 04:14:09,235 INFO     root            Display format: "default json"
2019-05-25 04:14:09,237 INFO     ___FILE_ONLY___ {
  "configuration": {
    "active_configuration": "default",
    "properties": {
      "core": {
        "account": "1087612833997-compute@developer.gserviceaccount.com",
        "disable_usage_reporting": "False",
        "project": "applied-fusion-241610"
      }
    }
  },
  "credential": {
    "access_token": "ya29.c.ElwUB7b73--xDBGWaKoFHNKlhWKSkC3L8ivcmGsmeMhECjvLY85F9updVYZraTAATqMhnip0PnXDC6B7zuZlJ-0bYDF8TuAVFgxDyYmLuHJzccFygn074812ZYo-XA",
    "id_token": null,
    "token_expiry": "2019-05-25T04:48:10Z"
  },
  "sentinels": {
    "config_sentinel": "/root/.config/gcloud/config_sentinel"
  }
}
2019-05-25 04:14:09,249 INFO     ___FILE_ONLY___ 

2019-05-25 04:14:09,319 DEBUG    root            Metrics reporting process started...
