2019-05-25 06:18:34,517 DEBUG    root            Loaded Command Group: [u'gcloud', u'config']
2019-05-25 06:18:34,520 DEBUG    root            Loaded Command Group: [u'gcloud', u'config', u'config_helper']
2019-05-25 06:18:34,523 DEBUG    root            Running [gcloud.config.config-helper] with arguments: [--format: "json"]
2019-05-25 06:18:34,574 INFO     root            Display format: "default json"
2019-05-25 06:18:34,575 INFO     ___FILE_ONLY___ {
  "configuration": {
    "active_configuration": "default",
    "properties": {
      "core": {
        "account": "1087612833997-compute@developer.gserviceaccount.com",
        "disable_usage_reporting": "False",
        "project": "applied-fusion-241610"
      }
    }
  },
  "credential": {
    "access_token": "ya29.c.ElwUB5axxKK6Geeqi3a35zEhZuBiDFOQiiqP7U8hWh1iQcUKqlACS2cgagpmHYUj7vS9xulvI08R-uTgke7Ij89dNQLunHWZkMWkLgw3MTWERX00pEoccrdel7fDxQ",
    "id_token": null,
    "token_expiry": "2019-05-25T07:10:54Z"
  },
  "sentinels": {
    "config_sentinel": "/root/.config/gcloud/config_sentinel"
  }
}
2019-05-25 06:18:34,575 INFO     ___FILE_ONLY___ 

2019-05-25 06:18:34,635 DEBUG    root            Metrics reporting process started...
