2019-05-25 08:37:52,010 DEBUG    root            Loaded Command Group: [u'gcloud', u'config']
2019-05-25 08:37:52,012 DEBUG    root            Loaded Command Group: [u'gcloud', u'config', u'config_helper']
2019-05-25 08:37:52,015 DEBUG    root            Running [gcloud.config.config-helper] with arguments: [--format: "json"]
2019-05-25 08:37:52,033 INFO     root            Display format: "default json"
2019-05-25 08:37:52,034 INFO     ___FILE_ONLY___ {
  "configuration": {
    "active_configuration": "default",
    "properties": {
      "core": {
        "account": "1087612833997-compute@developer.gserviceaccount.com",
        "disable_usage_reporting": "False",
        "project": "applied-fusion-241610"
      }
    }
  },
  "credential": {
    "access_token": "ya29.c.ElwUB7NhDfhaaVtMDpQFu_MOZQNaqOe9ryxl-L5OHlMA6r7l-GQQkQUrIsc62Wwc33NiF4dXdBxCb-YVQd1C8dTQFtsKRAhgzxlxvgnJ7x2RIh74S6WAVjUIHi7F1A",
    "id_token": null,
    "token_expiry": "2019-05-25T09:14:02Z"
  },
  "sentinels": {
    "config_sentinel": "/root/.config/gcloud/config_sentinel"
  }
}
2019-05-25 08:37:52,034 INFO     ___FILE_ONLY___ 

2019-05-25 08:37:52,044 DEBUG    root            Metrics reporting process started...
