2019-05-28 05:02:19,945 DEBUG    root            Loaded Command Group: [u'gcloud', u'config']
2019-05-28 05:02:19,947 DEBUG    root            Loaded Command Group: [u'gcloud', u'config', u'config_helper']
2019-05-28 05:02:19,950 DEBUG    root            Running [gcloud.config.config-helper] with arguments: [--format: "json"]
2019-05-28 05:02:20,034 INFO     root            Display format: "default json"
2019-05-28 05:02:20,035 INFO     ___FILE_ONLY___ {
  "configuration": {
    "active_configuration": "default",
    "properties": {
      "core": {
        "account": "1087612833997-compute@developer.gserviceaccount.com",
        "disable_usage_reporting": "False",
        "project": "applied-fusion-241610"
      }
    }
  },
  "credential": {
    "access_token": "ya29.c.ElwXBzSC5YAEuva6Jx613yFwoFTvzP7lsNYroueUO2LS-Z_DrASmOkAP75o9Qr5n1YXIUc_m3_YAUuyRGfg2brRgzAguQe5XI-ZKSpo8Bls2EomvynliBnNr1eSIiA",
    "id_token": null,
    "token_expiry": "2019-05-28T06:02:19Z"
  },
  "sentinels": {
    "config_sentinel": "/root/.config/gcloud/config_sentinel"
  }
}
2019-05-28 05:02:20,035 INFO     ___FILE_ONLY___ 

2019-05-28 05:02:20,036 DEBUG    root            Checking for updates...
2019-05-28 05:02:20,190 DEBUG    root            Metrics reporting process started...
