2019-05-28 09:23:40,558 DEBUG    root            Loaded Command Group: [u'gcloud', u'config']
2019-05-28 09:23:40,560 DEBUG    root            Loaded Command Group: [u'gcloud', u'config', u'config_helper']
2019-05-28 09:23:40,568 DEBUG    root            Running [gcloud.config.config-helper] with arguments: [--format: "json"]
2019-05-28 09:23:40,600 INFO     root            Display format: "default json"
2019-05-28 09:23:40,601 INFO     ___FILE_ONLY___ {
  "configuration": {
    "active_configuration": "default",
    "properties": {
      "core": {
        "account": "1087612833997-compute@developer.gserviceaccount.com",
        "disable_usage_reporting": "False",
        "project": "applied-fusion-241610"
      }
    }
  },
  "credential": {
    "access_token": "ya29.c.ElwXBxAItv948RyG0LycG5KYCBdEXwNYh2OTP6h4NhIvj3MT3sQCO_jEyM3DGsQ2dfltcdbQMM4g5q_cKU5OeTgvekLYvixVOjf2WCSvSga4EIE255J_FHv0Vo6Elw",
    "id_token": null,
    "token_expiry": "2019-05-28T10:13:42Z"
  },
  "sentinels": {
    "config_sentinel": "/root/.config/gcloud/config_sentinel"
  }
}
2019-05-28 09:23:40,601 INFO     ___FILE_ONLY___ 

2019-05-28 09:23:40,624 DEBUG    root            Metrics reporting process started...
