2019-05-28 19:03:15,047 DEBUG    root            Loaded Command Group: [u'gcloud', u'config']
2019-05-28 19:03:15,063 DEBUG    root            Loaded Command Group: [u'gcloud', u'config', u'config_helper']
2019-05-28 19:03:15,072 DEBUG    root            Running [gcloud.config.config-helper] with arguments: [--format: "json"]
2019-05-28 19:03:15,155 INFO     root            Display format: "default json"
2019-05-28 19:03:15,156 INFO     ___FILE_ONLY___ {
  "configuration": {
    "active_configuration": "default",
    "properties": {
      "core": {
        "account": "1087612833997-compute@developer.gserviceaccount.com",
        "disable_usage_reporting": "False",
        "project": "applied-fusion-241610"
      }
    }
  },
  "credential": {
    "access_token": "ya29.c.ElwXB075dj0E8XuF7rLRWh_fxGSxURCHPMiDT4CXupXNsjbaSGg5vbenu2hNDTLslnbquFoiAsV0Ko12m4RhvblyXz3lAO8YKz7NMrLmhVzNyi-YtkYOFETmJmoU0g",
    "id_token": null,
    "token_expiry": "2019-05-28T19:42:47Z"
  },
  "sentinels": {
    "config_sentinel": "/root/.config/gcloud/config_sentinel"
  }
}
2019-05-28 19:03:15,156 INFO     ___FILE_ONLY___ 

2019-05-28 19:03:15,206 DEBUG    root            Metrics reporting process started...
