29355 : 2019-05-28 20:33:06,796 : INFO : telemetry.main : Attempt start. Configuration directory [/root/.azure].
29355 : 2019-05-28 20:33:06,797 : INFO : telemetry.check : Positive: The /root/.azure/telemetry.txt does not exist.
29355 : 2019-05-28 20:33:06,797 : DEBUG : telemetry.note : acquiring lock
29355 : 2019-05-28 20:33:06,797 : DEBUG : telemetry.note : acquired lock
29355 : 2019-05-28 20:33:06,797 : INFO : telemetry.note : Update the note mtime to 2019-05-28 20:33:06.797910
29355 : 2019-05-28 20:33:06,798 : WARNING : telemetry.note : Fail to parse or read the timestamp 'N/A' in the note file. Set the last send time to minimal. Reason: not readable
29355 : 2019-05-28 20:33:06,798 : INFO : telemetry.records : No cache to be uploaded.
29355 : 2019-05-28 20:33:06,798 : INFO : telemetry.client : Accumulated 0 events. Flush the clients.
29355 : 2019-05-28 20:33:06,798 : INFO : telemetry.note : Update the last send in note to 0001-01-01 00:00:00
29355 : 2019-05-28 20:33:06,798 : INFO : telemetry.note : Update the note mtime to 2019-05-28 20:33:06.798593
29708 : 2019-05-28 20:50:36,091 : INFO : telemetry.main : Attempt start. Configuration directory [/root/.azure].
29708 : 2019-05-28 20:50:36,091 : INFO : telemetry.check : Returns Positive.
29708 : 2019-05-28 20:50:36,091 : DEBUG : telemetry.note : acquiring lock
29708 : 2019-05-28 20:50:36,092 : DEBUG : telemetry.note : acquired lock
29708 : 2019-05-28 20:50:36,092 : INFO : telemetry.note : Update the note mtime to 2019-05-28 20:50:36.092100
29708 : 2019-05-28 20:50:36,094 : WARNING : telemetry.note : Fail to parse or read the timestamp '1-01-01T00:00:00' in the note file. Set the last send time to minimal. Reason: time data '1-01-01T00:00:00' does not match format '%Y-%m-%dT%H:%M:%S'
29708 : 2019-05-28 20:50:36,095 : INFO : telemetry.records : No cache to be uploaded.
29708 : 2019-05-28 20:50:36,095 : INFO : telemetry.client : Accumulated 0 events. Flush the clients.
29708 : 2019-05-28 20:50:36,095 : INFO : telemetry.note : Update the last send in note to 0001-01-01 00:00:00
29708 : 2019-05-28 20:50:36,095 : INFO : telemetry.note : Update the note mtime to 2019-05-28 20:50:36.095518
30157 : 2019-05-28 21:02:48,447 : INFO : telemetry.main : Attempt start. Configuration directory [/root/.azure].
30157 : 2019-05-28 21:02:48,448 : INFO : telemetry.check : Returns Positive.
30157 : 2019-05-28 21:02:48,448 : DEBUG : telemetry.note : acquiring lock
30157 : 2019-05-28 21:02:48,448 : DEBUG : telemetry.note : acquired lock
30157 : 2019-05-28 21:02:48,449 : INFO : telemetry.note : Update the note mtime to 2019-05-28 21:02:48.449005
30157 : 2019-05-28 21:02:48,453 : WARNING : telemetry.note : Fail to parse or read the timestamp '1-01-01T00:00:00' in the note file. Set the last send time to minimal. Reason: time data '1-01-01T00:00:00' does not match format '%Y-%m-%dT%H:%M:%S'
30157 : 2019-05-28 21:02:48,453 : INFO : telemetry.records : No cache to be uploaded.
30157 : 2019-05-28 21:02:48,453 : INFO : telemetry.client : Accumulated 0 events. Flush the clients.
30157 : 2019-05-28 21:02:48,454 : INFO : telemetry.note : Update the last send in note to 0001-01-01 00:00:00
30157 : 2019-05-28 21:02:48,454 : INFO : telemetry.note : Update the note mtime to 2019-05-28 21:02:48.454414
30389 : 2019-05-28 21:19:39,844 : INFO : telemetry.main : Attempt start. Configuration directory [/root/.azure].
30389 : 2019-05-28 21:19:39,844 : INFO : telemetry.check : Returns Positive.
30389 : 2019-05-28 21:19:39,844 : DEBUG : telemetry.note : acquiring lock
30389 : 2019-05-28 21:19:39,845 : DEBUG : telemetry.note : acquired lock
30389 : 2019-05-28 21:19:39,845 : INFO : telemetry.note : Update the note mtime to 2019-05-28 21:19:39.845126
30389 : 2019-05-28 21:19:39,847 : WARNING : telemetry.note : Fail to parse or read the timestamp '1-01-01T00:00:00' in the note file. Set the last send time to minimal. Reason: time data '1-01-01T00:00:00' does not match format '%Y-%m-%dT%H:%M:%S'
30389 : 2019-05-28 21:19:39,847 : INFO : telemetry.records : No cache to be uploaded.
30389 : 2019-05-28 21:19:39,847 : INFO : telemetry.client : Accumulated 0 events. Flush the clients.
30389 : 2019-05-28 21:19:39,848 : INFO : telemetry.note : Update the last send in note to 0001-01-01 00:00:00
30389 : 2019-05-28 21:19:39,848 : INFO : telemetry.note : Update the note mtime to 2019-05-28 21:19:39.848296
30900 : 2019-05-28 21:32:08,334 : INFO : telemetry.main : Attempt start. Configuration directory [/root/.azure].
30900 : 2019-05-28 21:32:08,335 : INFO : telemetry.check : Returns Positive.
30900 : 2019-05-28 21:32:08,335 : DEBUG : telemetry.note : acquiring lock
30900 : 2019-05-28 21:32:08,335 : DEBUG : telemetry.note : acquired lock
30900 : 2019-05-28 21:32:08,335 : INFO : telemetry.note : Update the note mtime to 2019-05-28 21:32:08.335565
30900 : 2019-05-28 21:32:08,338 : WARNING : telemetry.note : Fail to parse or read the timestamp '1-01-01T00:00:00' in the note file. Set the last send time to minimal. Reason: time data '1-01-01T00:00:00' does not match format '%Y-%m-%dT%H:%M:%S'
30900 : 2019-05-28 21:32:08,339 : INFO : telemetry.records : 1 cache files to move.
30900 : 2019-05-28 21:32:08,339 : INFO : telemetry.records : Create temp folder /tmp/tmpgafjfnyk
30900 : 2019-05-28 21:32:08,339 : INFO : telemetry.records : Move file /root/.azure/telemetry/cache.1 to /tmp/tmpgafjfnyk/cache.1
30900 : 2019-05-28 21:32:08,340 : INFO : telemetry.records : Processed file /tmp/tmpgafjfnyk/cache.1 into 51 records.
30900 : 2019-05-28 21:32:08,341 : INFO : telemetry.records : Remove directory /tmp/tmpgafjfnyk
30900 : 2019-05-28 21:32:08,351 : INFO : telemetry.client : Accumulated 51 events. Flush the clients.
30900 : 2019-05-28 21:32:08,351 : INFO : telemetry.client : Flush client c4395b75-49cc-422c-bc95-c7d51aef5d46.
30900 : 2019-05-28 21:32:08,531 : INFO : telemetry.sender : Sending 154052 bytes
30900 : 2019-05-28 21:32:08,531 : INFO : telemetry.sender : Finish uploading in 0.173816 seconds.
30900 : 2019-05-28 21:32:08,532 : INFO : telemetry.note : Update the last send in note to 2019-05-28 21:25:46
30900 : 2019-05-28 21:32:08,532 : INFO : telemetry.note : Update the note mtime to 2019-05-28 21:32:08.532824
10136 : 2019-05-29 13:20:17,138 : INFO : telemetry.main : Attempt start. Configuration directory [/root/.azure].
10136 : 2019-05-29 13:20:17,139 : INFO : telemetry.check : Returns Positive.
10136 : 2019-05-29 13:20:17,139 : DEBUG : telemetry.note : acquiring lock
10136 : 2019-05-29 13:20:17,139 : DEBUG : telemetry.note : acquired lock
10136 : 2019-05-29 13:20:17,139 : INFO : telemetry.note : Update the note mtime to 2019-05-29 13:20:17.139723
10136 : 2019-05-29 13:20:17,144 : INFO : telemetry.note : Read timestamp from the note. The last send was 2019-05-28 21:25:46.
10136 : 2019-05-29 13:20:17,144 : INFO : telemetry.records : No cache to be uploaded.
10136 : 2019-05-29 13:20:17,144 : INFO : telemetry.client : Accumulated 0 events. Flush the clients.
10136 : 2019-05-29 13:20:17,144 : INFO : telemetry.note : Update the last send in note to 2019-05-28 21:25:46
10136 : 2019-05-29 13:20:17,145 : INFO : telemetry.note : Update the note mtime to 2019-05-29 13:20:17.145057
10317 : 2019-05-29 13:32:13,729 : INFO : telemetry.main : Attempt start. Configuration directory [/root/.azure].
10317 : 2019-05-29 13:32:13,729 : INFO : telemetry.check : Returns Positive.
10317 : 2019-05-29 13:32:13,729 : DEBUG : telemetry.note : acquiring lock
10317 : 2019-05-29 13:32:13,729 : DEBUG : telemetry.note : acquired lock
10317 : 2019-05-29 13:32:13,729 : INFO : telemetry.note : Update the note mtime to 2019-05-29 13:32:13.729964
10317 : 2019-05-29 13:32:13,732 : INFO : telemetry.note : Read timestamp from the note. The last send was 2019-05-28 21:25:46.
10317 : 2019-05-29 13:32:13,732 : INFO : telemetry.records : No cache to be uploaded.
10317 : 2019-05-29 13:32:13,732 : INFO : telemetry.client : Accumulated 0 events. Flush the clients.
10317 : 2019-05-29 13:32:13,733 : INFO : telemetry.note : Update the last send in note to 2019-05-28 21:25:46
10317 : 2019-05-29 13:32:13,733 : INFO : telemetry.note : Update the note mtime to 2019-05-29 13:32:13.733225
12003 : 2019-05-29 15:54:17,771 : INFO : telemetry.main : Attempt start. Configuration directory [/root/.azure].
12003 : 2019-05-29 15:54:17,772 : INFO : telemetry.check : Returns Positive.
12003 : 2019-05-29 15:54:17,772 : DEBUG : telemetry.note : acquiring lock
12003 : 2019-05-29 15:54:17,772 : DEBUG : telemetry.note : acquired lock
12003 : 2019-05-29 15:54:17,773 : INFO : telemetry.note : Update the note mtime to 2019-05-29 15:54:17.772961
12003 : 2019-05-29 15:54:17,777 : INFO : telemetry.note : Read timestamp from the note. The last send was 2019-05-28 21:25:46.
12003 : 2019-05-29 15:54:17,777 : INFO : telemetry.records : No cache to be uploaded.
12003 : 2019-05-29 15:54:17,777 : INFO : telemetry.client : Accumulated 0 events. Flush the clients.
12003 : 2019-05-29 15:54:17,778 : INFO : telemetry.note : Update the last send in note to 2019-05-28 21:25:46
12003 : 2019-05-29 15:54:17,778 : INFO : telemetry.note : Update the note mtime to 2019-05-29 15:54:17.778397
12396 : 2019-05-29 16:18:21,398 : INFO : telemetry.main : Attempt start. Configuration directory [/root/.azure].
12396 : 2019-05-29 16:18:21,398 : INFO : telemetry.check : Returns Positive.
12396 : 2019-05-29 16:18:21,398 : DEBUG : telemetry.note : acquiring lock
12396 : 2019-05-29 16:18:21,398 : DEBUG : telemetry.note : acquired lock
12396 : 2019-05-29 16:18:21,398 : INFO : telemetry.note : Update the note mtime to 2019-05-29 16:18:21.398873
12396 : 2019-05-29 16:18:21,401 : INFO : telemetry.note : Read timestamp from the note. The last send was 2019-05-28 21:25:46.
12396 : 2019-05-29 16:18:21,401 : INFO : telemetry.records : No cache to be uploaded.
12396 : 2019-05-29 16:18:21,401 : INFO : telemetry.client : Accumulated 0 events. Flush the clients.
12396 : 2019-05-29 16:18:21,402 : INFO : telemetry.note : Update the last send in note to 2019-05-28 21:25:46
12396 : 2019-05-29 16:18:21,402 : INFO : telemetry.note : Update the note mtime to 2019-05-29 16:18:21.402091
13070 : 2019-05-29 16:57:39,821 : INFO : telemetry.main : Attempt start. Configuration directory [/root/.azure].
13070 : 2019-05-29 16:57:39,821 : INFO : telemetry.check : Returns Positive.
13070 : 2019-05-29 16:57:39,822 : DEBUG : telemetry.note : acquiring lock
13070 : 2019-05-29 16:57:39,822 : DEBUG : telemetry.note : acquired lock
13070 : 2019-05-29 16:57:39,822 : INFO : telemetry.note : Update the note mtime to 2019-05-29 16:57:39.822476
13070 : 2019-05-29 16:57:39,826 : INFO : telemetry.note : Read timestamp from the note. The last send was 2019-05-28 21:25:46.
13070 : 2019-05-29 16:57:39,827 : INFO : telemetry.records : No cache to be uploaded.
13070 : 2019-05-29 16:57:39,827 : INFO : telemetry.client : Accumulated 0 events. Flush the clients.
13070 : 2019-05-29 16:57:39,827 : INFO : telemetry.note : Update the last send in note to 2019-05-28 21:25:46
13070 : 2019-05-29 16:57:39,827 : INFO : telemetry.note : Update the note mtime to 2019-05-29 16:57:39.827704
