2019-05-27 05:25:08,468 DEBUG    root            Loaded Command Group: [u'gcloud', u'config']
2019-05-27 05:25:08,479 DEBUG    root            Loaded Command Group: [u'gcloud', u'config', u'config_helper']
2019-05-27 05:25:08,484 DEBUG    root            Running [gcloud.config.config-helper] with arguments: [--format: "json"]
2019-05-27 05:25:08,564 INFO     root            Display format: "default json"
2019-05-27 05:25:08,565 INFO     ___FILE_ONLY___ {
  "configuration": {
    "active_configuration": "default",
    "properties": {
      "core": {
        "account": "1087612833997-compute@developer.gserviceaccount.com",
        "disable_usage_reporting": "False",
        "project": "applied-fusion-241610"
      }
    }
  },
  "credential": {
    "access_token": "ya29.c.ElwWByJCspN1W9LmMymtV9LrWwQdVaELh_0_-PfFzNpphav4MOczRFqp0PcX5Wzvl2nMhEgdASMjeuL1TWnDLBQBZSREcHNbHbxrnbmYmBeCr9u0GMQWEKXQnvDb-g",
    "id_token": null,
    "token_expiry": "2019-05-27T06:25:06Z"
  },
  "sentinels": {
    "config_sentinel": "/root/.config/gcloud/config_sentinel"
  }
}
2019-05-27 05:25:08,565 INFO     ___FILE_ONLY___ 

2019-05-27 05:25:08,622 DEBUG    root            Metrics reporting process started...
