2019-05-27 11:38:15,032 DEBUG    root            Loaded Command Group: [u'gcloud', u'config']
2019-05-27 11:38:15,035 DEBUG    root            Loaded Command Group: [u'gcloud', u'config', u'config_helper']
2019-05-27 11:38:15,038 DEBUG    root            Running [gcloud.config.config-helper] with arguments: [--format: "json"]
2019-05-27 11:38:15,072 INFO     root            Display format: "default json"
2019-05-27 11:38:15,072 INFO     ___FILE_ONLY___ {
  "configuration": {
    "active_configuration": "default",
    "properties": {
      "core": {
        "account": "1087612833997-compute@developer.gserviceaccount.com",
        "disable_usage_reporting": "False",
        "project": "applied-fusion-241610"
      }
    }
  },
  "credential": {
    "access_token": "ya29.c.ElwWB_FUTBxZOW7bW3OmoaLEzFjyZVCa0qi6BbudsI996qzK6TIHXN2KhE5c1rB9ZtiW1WRafALQHxdIiZwzTXQl4i2_DJ8yDkK1n9QLf29Aqc4Dde7jDUzRW8Vn4w",
    "id_token": null,
    "token_expiry": "2019-05-27T12:26:14Z"
  },
  "sentinels": {
    "config_sentinel": "/root/.config/gcloud/config_sentinel"
  }
}
2019-05-27 11:38:15,073 INFO     ___FILE_ONLY___ 

2019-05-27 11:38:15,108 DEBUG    root            Metrics reporting process started...
