2019-05-27 13:27:42,193 DEBUG    root            Loaded Command Group: [u'gcloud', u'config']
2019-05-27 13:27:42,196 DEBUG    root            Loaded Command Group: [u'gcloud', u'config', u'config_helper']
2019-05-27 13:27:42,199 DEBUG    root            Running [gcloud.config.config-helper] with arguments: [--format: "json"]
2019-05-27 13:27:42,281 INFO     root            Display format: "default json"
2019-05-27 13:27:42,282 INFO     ___FILE_ONLY___ {
  "configuration": {
    "active_configuration": "default",
    "properties": {
      "core": {
        "account": "1087612833997-compute@developer.gserviceaccount.com",
        "disable_usage_reporting": "False",
        "project": "applied-fusion-241610"
      }
    }
  },
  "credential": {
    "access_token": "ya29.c.ElwWB-wfkCH83tjfNmxwZruCPobm0-CIbYZVWC1PM9rgMBDfE-fQFyQKk-PCVpcN5924BqowFAvBc-gjN_0SUFMdET0zZUb9rVBiToOZK4UTDOK6yfIty9xeHEC8dw",
    "id_token": null,
    "token_expiry": "2019-05-27T14:27:41Z"
  },
  "sentinels": {
    "config_sentinel": "/root/.config/gcloud/config_sentinel"
  }
}
2019-05-27 13:27:42,282 INFO     ___FILE_ONLY___ 

2019-05-27 13:27:42,293 DEBUG    root            Metrics reporting process started...
