2019-05-27 16:13:38,357 DEBUG    root            Loaded Command Group: [u'gcloud', u'compute']
2019-05-27 16:13:38,360 DEBUG    root            Loaded Command Group: [u'gcloud', u'compute', u'diagnose']
2019-05-27 16:13:38,361 DEBUG    root            Loaded Command Group: [u'gcloud', u'compute', u'operations']
2019-05-27 16:13:38,363 DEBUG    root            Loaded Command Group: [u'gcloud', u'compute', u'disks']
2019-05-27 16:13:38,365 DEBUG    root            Loaded Command Group: [u'gcloud', u'compute', u'addresses']
2019-05-27 16:13:38,366 DEBUG    root            Loaded Command Group: [u'gcloud', u'compute', u'interconnects']
2019-05-27 16:13:38,368 DEBUG    root            Loaded Command Group: [u'gcloud', u'compute', u'target_ssl_proxies']
2019-05-27 16:13:38,374 DEBUG    root            No implementation for release track [GA] for element: [/root/google-cloud-sdk/lib/surface/compute/resource_policies]
2019-05-27 16:13:38,375 DEBUG    root            No implementation for release track [GA] for element: [/root/google-cloud-sdk/lib/surface/compute/reservations]
2019-05-27 16:13:38,375 DEBUG    root            Loaded Command Group: [u'gcloud', u'compute', u'ssl_policies']
2019-05-27 16:13:38,377 DEBUG    root            Loaded Command Group: [u'gcloud', u'compute', u'snapshots']
2019-05-27 16:13:38,379 DEBUG    root            Loaded Command Group: [u'gcloud', u'compute', u'disk_types']
2019-05-27 16:13:38,380 DEBUG    root            Loaded Command Group: [u'gcloud', u'compute', u'target_tcp_proxies']
2019-05-27 16:13:38,381 DEBUG    root            Loaded Command Group: [u'gcloud', u'compute', u'instances']
2019-05-27 16:13:38,384 DEBUG    root            Loaded Command Group: [u'gcloud', u'compute', u'instance_groups']
2019-05-27 16:13:38,416 DEBUG    root            No implementation for release track [GA] for element: [/root/google-cloud-sdk/lib/surface/compute/start_iap_tunnel]
2019-05-27 16:13:38,417 DEBUG    root            No implementation for release track [GA] for element: [/root/google-cloud-sdk/lib/surface/compute/external_vpn_gateways]
2019-05-27 16:13:38,417 DEBUG    root            Loaded Command Group: [u'gcloud', u'compute', u'images']
2019-05-27 16:13:38,419 DEBUG    root            Loaded Command Group: [u'gcloud', u'compute', u'networks']
2019-05-27 16:13:38,421 DEBUG    root            Loaded Command Group: [u'gcloud', u'compute', u'connect_to_serial_port']
2019-05-27 16:13:38,423 DEBUG    root            Loaded Command Group: [u'gcloud', u'compute', u'accelerator_types']
2019-05-27 16:13:38,424 DEBUG    root            No implementation for release track [GA] for element: [/root/google-cloud-sdk/lib/surface/compute/vpn_gateways]
2019-05-27 16:13:38,425 DEBUG    root            Loaded Command Group: [u'gcloud', u'compute', u'backend_services']
2019-05-27 16:13:38,427 DEBUG    root            Loaded Command Group: [u'gcloud', u'compute', u'shared_vpc']
2019-05-27 16:13:38,428 DEBUG    root            Loaded Command Group: [u'gcloud', u'compute', u'commitments']
2019-05-27 16:13:38,429 DEBUG    root            Loaded Command Group: [u'gcloud', u'compute', u'network_endpoint_groups']
2019-05-27 16:13:38,432 DEBUG    root            Loaded Command Group: [u'gcloud', u'compute', u'reset_windows_password']
2019-05-27 16:13:38,433 DEBUG    root            Loaded Command Group: [u'gcloud', u'compute', u'regions']
2019-05-27 16:13:38,435 DEBUG    root            Loaded Command Group: [u'gcloud', u'compute', u'sign_url']
2019-05-27 16:13:38,436 DEBUG    root            Loaded Command Group: [u'gcloud', u'compute', u'forwarding_rules']
2019-05-27 16:13:38,438 DEBUG    root            Loaded Command Group: [u'gcloud', u'compute', u'target_pools']
2019-05-27 16:13:38,439 DEBUG    root            Loaded Command Group: [u'gcloud', u'compute', u'http_health_checks']
2019-05-27 16:13:38,441 DEBUG    root            Loaded Command Group: [u'gcloud', u'compute', u'target_vpn_gateways']
2019-05-27 16:13:38,442 DEBUG    root            Loaded Command Group: [u'gcloud', u'compute', u'target_http_proxies']
2019-05-27 16:13:38,443 DEBUG    root            Loaded Command Group: [u'gcloud', u'compute', u'firewall_rules']
2019-05-27 16:13:38,445 DEBUG    root            Loaded Command Group: [u'gcloud', u'compute', u'routers']
2019-05-27 16:13:38,447 DEBUG    root            Loaded Command Group: [u'gcloud', u'compute', u'sole_tenancy']
2019-05-27 16:13:38,448 DEBUG    root            Loaded Command Group: [u'gcloud', u'compute', u'target_https_proxies']
2019-05-27 16:13:38,449 DEBUG    root            No implementation for release track [GA] for element: [/root/google-cloud-sdk/lib/surface/compute/machine_images]
2019-05-27 16:13:38,450 DEBUG    root            Loaded Command Group: [u'gcloud', u'compute', u'url_maps']
2019-05-27 16:13:38,451 DEBUG    root            Loaded Command Group: [u'gcloud', u'compute', u'health_checks']
2019-05-27 16:13:38,453 DEBUG    root            Loaded Command Group: [u'gcloud', u'compute', u'ssh']
2019-05-27 16:13:38,455 DEBUG    root            Loaded Command Group: [u'gcloud', u'compute', u'instance_templates']
2019-05-27 16:13:38,456 DEBUG    root            Loaded Command Group: [u'gcloud', u'compute', u'os_login']
2019-05-27 16:13:38,460 DEBUG    root            Loaded Command Group: [u'gcloud', u'compute', u'config_ssh']
2019-05-27 16:13:38,461 DEBUG    root            Loaded Command Group: [u'gcloud', u'compute', u'vpn_tunnels']
2019-05-27 16:13:38,462 DEBUG    root            Loaded Command Group: [u'gcloud', u'compute', u'zones']
2019-05-27 16:13:38,464 DEBUG    root            Loaded Command Group: [u'gcloud', u'compute', u'tpus']
2019-05-27 16:13:38,465 DEBUG    root            Loaded Command Group: [u'gcloud', u'compute', u'project_info']
2019-05-27 16:13:38,466 DEBUG    root            Loaded Command Group: [u'gcloud', u'compute', u'https_health_checks']
2019-05-27 16:13:38,468 DEBUG    root            Loaded Command Group: [u'gcloud', u'compute', u'security_policies']
2019-05-27 16:13:38,469 DEBUG    root            Loaded Command Group: [u'gcloud', u'compute', u'backend_buckets']
2019-05-27 16:13:38,471 DEBUG    root            Loaded Command Group: [u'gcloud', u'compute', u'scp']
2019-05-27 16:13:38,474 DEBUG    root            Loaded Command Group: [u'gcloud', u'compute', u'target_instances']
2019-05-27 16:13:38,475 DEBUG    root            Loaded Command Group: [u'gcloud', u'compute', u'machine_types']
2019-05-27 16:13:38,477 DEBUG    root            Loaded Command Group: [u'gcloud', u'compute', u'copy_files']
2019-05-27 16:13:38,479 DEBUG    root            No implementation for release track [GA] for element: [/root/google-cloud-sdk/lib/surface/compute/os_config]
2019-05-27 16:13:38,480 DEBUG    root            Loaded Command Group: [u'gcloud', u'compute', u'ssl_certificates']
2019-05-27 16:13:38,481 DEBUG    root            Loaded Command Group: [u'gcloud', u'compute', u'routes']
2019-05-27 16:13:38,483 ERROR    root            (gcloud.compute) Invalid choice: 'instance'.
2019-05-27 16:13:38,545 DEBUG    root            Metrics reporting process started...
