2019-05-27 16:13:45,028 DEBUG    root            Loaded Command Group: [u'gcloud', u'compute']
2019-05-27 16:13:45,031 DEBUG    root            Loaded Command Group: [u'gcloud', u'compute', u'instances']
2019-05-27 16:13:45,035 ERROR    root            (gcloud.compute.instances) Command name argument expected.
2019-05-27 16:13:45,218 DEBUG    root            Loaded Command Group: [u'gcloud', u'compute', u'instances', u'remove_iam_policy_binding']
2019-05-27 16:13:45,229 DEBUG    root            No implementation for release track [GA] for element: [/root/google-cloud-sdk/lib/surface/compute/instances/suspend]
2019-05-27 16:13:45,230 DEBUG    root            Loaded Command Group: [u'gcloud', u'compute', u'instances', u'delete_access_config']
2019-05-27 16:13:45,232 DEBUG    root            Loaded Command Group: [u'gcloud', u'compute', u'instances', u'describe']
2019-05-27 16:13:45,234 DEBUG    root            Loaded Command Group: [u'gcloud', u'compute', u'instances', u'remove_labels']
2019-05-27 16:13:45,252 DEBUG    root            Loaded Command Group: [u'gcloud', u'compute', u'instances', u'set_iam_policy']
2019-05-27 16:13:45,256 DEBUG    root            Loaded Command Group: [u'gcloud', u'compute', u'instances', u'remove_metadata']
2019-05-27 16:13:45,278 DEBUG    root            Loaded Command Group: [u'gcloud', u'compute', u'instances', u'add_iam_policy_binding']
2019-05-27 16:13:45,284 DEBUG    root            Loaded Command Group: [u'gcloud', u'compute', u'instances', u'set_machine_type']
2019-05-27 16:13:45,286 DEBUG    root            Loaded Command Group: [u'gcloud', u'compute', u'instances', u'attach_disk']
2019-05-27 16:13:45,288 DEBUG    root            No implementation for release track [GA] for element: [/root/google-cloud-sdk/lib/surface/compute/instances/remove_resource_policies]
2019-05-27 16:13:45,288 DEBUG    root            Loaded Command Group: [u'gcloud', u'compute', u'instances', u'set_disk_auto_delete']
2019-05-27 16:13:45,290 DEBUG    root            Loaded Command Group: [u'gcloud', u'compute', u'instances', u'add_access_config']
2019-05-27 16:13:45,300 DEBUG    root            No implementation for release track [GA] for element: [/root/google-cloud-sdk/lib/surface/compute/instances/get_guest_attributes.yaml]
2019-05-27 16:13:45,301 DEBUG    root            Loaded Command Group: [u'gcloud', u'compute', u'instances', u'get_serial_port_output']
2019-05-27 16:13:45,303 DEBUG    root            Loaded Command Group: [u'gcloud', u'compute', u'instances', u'start']
2019-05-27 16:13:45,304 DEBUG    root            No implementation for release track [GA] for element: [/root/google-cloud-sdk/lib/surface/compute/instances/set_min_cpu_platform]
2019-05-27 16:13:45,306 DEBUG    root            No implementation for release track [GA] for element: [/root/google-cloud-sdk/lib/surface/compute/instances/import]
2019-05-27 16:13:45,307 DEBUG    root            No implementation for release track [GA] for element: [/root/google-cloud-sdk/lib/surface/compute/instances/set_scopes]
2019-05-27 16:13:45,307 DEBUG    root            Loaded Command Group: [u'gcloud', u'compute', u'instances', u'remove_tags']
2019-05-27 16:13:45,309 DEBUG    root            Loaded Command Group: [u'gcloud', u'compute', u'instances', u'reset']
2019-05-27 16:13:45,310 DEBUG    root            Loaded Command Group: [u'gcloud', u'compute', u'instances', u'set_scheduling']
2019-05-27 16:13:45,311 DEBUG    root            Loaded Command Group: [u'gcloud', u'compute', u'instances', u'add_tags']
2019-05-27 16:13:45,313 DEBUG    root            No implementation for release track [GA] for element: [/root/google-cloud-sdk/lib/surface/compute/instances/add_resource_policies]
2019-05-27 16:13:45,313 DEBUG    root            Loaded Command Group: [u'gcloud', u'compute', u'instances', u'simulate_maintenance_event']
2019-05-27 16:13:45,314 DEBUG    root            Loaded Command Group: [u'gcloud', u'compute', u'instances', u'stop']
2019-05-27 16:13:45,316 DEBUG    root            Loaded Command Group: [u'gcloud', u'compute', u'instances', u'update']
2019-05-27 16:13:45,318 DEBUG    root            Loaded Command Group: [u'gcloud', u'compute', u'instances', u'update_container']
2019-05-27 16:13:45,320 DEBUG    root            Loaded Command Group: [u'gcloud', u'compute', u'instances', u'detach_disk']
2019-05-27 16:13:45,321 DEBUG    root            Loaded Command Group: [u'gcloud', u'compute', u'instances', u'add_metadata']
2019-05-27 16:13:45,323 DEBUG    root            Loaded Command Group: [u'gcloud', u'compute', u'instances', u'set_service_account']
2019-05-27 16:13:45,324 DEBUG    root            Loaded Command Group: [u'gcloud', u'compute', u'instances', u'tail_serial_port_output']
2019-05-27 16:13:45,326 DEBUG    root            Loaded Command Group: [u'gcloud', u'compute', u'instances', u'move']
2019-05-27 16:13:45,327 DEBUG    root            Loaded Command Group: [u'gcloud', u'compute', u'instances', u'network_interfaces']
2019-05-27 16:13:45,328 DEBUG    root            Loaded Command Group: [u'gcloud', u'compute', u'instances', u'list']
2019-05-27 16:13:45,330 DEBUG    root            Loaded Command Group: [u'gcloud', u'compute', u'instances', u'update_access_config']
2019-05-27 16:13:45,332 DEBUG    root            No implementation for release track [GA] for element: [/root/google-cloud-sdk/lib/surface/compute/instances/resume]
2019-05-27 16:13:45,348 DEBUG    root            Loaded Command Group: [u'gcloud', u'compute', u'instances', u'get_iam_policy']
2019-05-27 16:13:45,352 DEBUG    root            No implementation for release track [GA] for element: [/root/google-cloud-sdk/lib/surface/compute/instances/os_inventory]
2019-05-27 16:13:45,352 DEBUG    root            Loaded Command Group: [u'gcloud', u'compute', u'instances', u'get_shielded_identity']
2019-05-27 16:13:45,354 DEBUG    root            Loaded Command Group: [u'gcloud', u'compute', u'instances', u'create_with_container']
2019-05-27 16:13:45,361 DEBUG    root            Loaded Command Group: [u'gcloud', u'compute', u'instances', u'add_labels']
2019-05-27 16:13:45,363 DEBUG    root            Loaded Command Group: [u'gcloud', u'compute', u'instances', u'create']
2019-05-27 16:13:45,388 DEBUG    root            Loaded Command Group: [u'gcloud', u'compute', u'instances', u'delete']
2019-05-27 16:13:45,415 DEBUG    root            Metrics reporting process started...
