2019-05-27 16:13:34,954 DEBUG    root            Loaded Command Group: [u'gcloud', u'compute']
2019-05-27 16:13:34,958 DEBUG    root            Loaded Command Group: [u'gcloud', u'compute', u'instances']
2019-05-27 16:13:34,961 ERROR    root            (gcloud.compute.instances) Command name argument expected.
2019-05-27 16:13:35,146 DEBUG    root            Loaded Command Group: [u'gcloud', u'compute', u'instances', u'remove_iam_policy_binding']
2019-05-27 16:13:35,157 DEBUG    root            No implementation for release track [GA] for element: [/root/google-cloud-sdk/lib/surface/compute/instances/suspend]
2019-05-27 16:13:35,157 DEBUG    root            Loaded Command Group: [u'gcloud', u'compute', u'instances', u'delete_access_config']
2019-05-27 16:13:35,159 DEBUG    root            Loaded Command Group: [u'gcloud', u'compute', u'instances', u'describe']
2019-05-27 16:13:35,161 DEBUG    root            Loaded Command Group: [u'gcloud', u'compute', u'instances', u'remove_labels']
2019-05-27 16:13:35,180 DEBUG    root            Loaded Command Group: [u'gcloud', u'compute', u'instances', u'set_iam_policy']
2019-05-27 16:13:35,184 DEBUG    root            Loaded Command Group: [u'gcloud', u'compute', u'instances', u'remove_metadata']
2019-05-27 16:13:35,206 DEBUG    root            Loaded Command Group: [u'gcloud', u'compute', u'instances', u'add_iam_policy_binding']
2019-05-27 16:13:35,213 DEBUG    root            Loaded Command Group: [u'gcloud', u'compute', u'instances', u'set_machine_type']
2019-05-27 16:13:35,215 DEBUG    root            Loaded Command Group: [u'gcloud', u'compute', u'instances', u'attach_disk']
2019-05-27 16:13:35,217 DEBUG    root            No implementation for release track [GA] for element: [/root/google-cloud-sdk/lib/surface/compute/instances/remove_resource_policies]
2019-05-27 16:13:35,218 DEBUG    root            Loaded Command Group: [u'gcloud', u'compute', u'instances', u'set_disk_auto_delete']
2019-05-27 16:13:35,219 DEBUG    root            Loaded Command Group: [u'gcloud', u'compute', u'instances', u'add_access_config']
2019-05-27 16:13:35,230 DEBUG    root            No implementation for release track [GA] for element: [/root/google-cloud-sdk/lib/surface/compute/instances/get_guest_attributes.yaml]
2019-05-27 16:13:35,231 DEBUG    root            Loaded Command Group: [u'gcloud', u'compute', u'instances', u'get_serial_port_output']
2019-05-27 16:13:35,233 DEBUG    root            Loaded Command Group: [u'gcloud', u'compute', u'instances', u'start']
2019-05-27 16:13:35,234 DEBUG    root            No implementation for release track [GA] for element: [/root/google-cloud-sdk/lib/surface/compute/instances/set_min_cpu_platform]
2019-05-27 16:13:35,238 DEBUG    root            No implementation for release track [GA] for element: [/root/google-cloud-sdk/lib/surface/compute/instances/import]
2019-05-27 16:13:35,239 DEBUG    root            No implementation for release track [GA] for element: [/root/google-cloud-sdk/lib/surface/compute/instances/set_scopes]
2019-05-27 16:13:35,239 DEBUG    root            Loaded Command Group: [u'gcloud', u'compute', u'instances', u'remove_tags']
2019-05-27 16:13:35,241 DEBUG    root            Loaded Command Group: [u'gcloud', u'compute', u'instances', u'reset']
2019-05-27 16:13:35,242 DEBUG    root            Loaded Command Group: [u'gcloud', u'compute', u'instances', u'set_scheduling']
2019-05-27 16:13:35,244 DEBUG    root            Loaded Command Group: [u'gcloud', u'compute', u'instances', u'add_tags']
2019-05-27 16:13:35,245 DEBUG    root            No implementation for release track [GA] for element: [/root/google-cloud-sdk/lib/surface/compute/instances/add_resource_policies]
2019-05-27 16:13:35,246 DEBUG    root            Loaded Command Group: [u'gcloud', u'compute', u'instances', u'simulate_maintenance_event']
2019-05-27 16:13:35,247 DEBUG    root            Loaded Command Group: [u'gcloud', u'compute', u'instances', u'stop']
2019-05-27 16:13:35,249 DEBUG    root            Loaded Command Group: [u'gcloud', u'compute', u'instances', u'update']
2019-05-27 16:13:35,251 DEBUG    root            Loaded Command Group: [u'gcloud', u'compute', u'instances', u'update_container']
2019-05-27 16:13:35,253 DEBUG    root            Loaded Command Group: [u'gcloud', u'compute', u'instances', u'detach_disk']
2019-05-27 16:13:35,255 DEBUG    root            Loaded Command Group: [u'gcloud', u'compute', u'instances', u'add_metadata']
2019-05-27 16:13:35,256 DEBUG    root            Loaded Command Group: [u'gcloud', u'compute', u'instances', u'set_service_account']
2019-05-27 16:13:35,258 DEBUG    root            Loaded Command Group: [u'gcloud', u'compute', u'instances', u'tail_serial_port_output']
2019-05-27 16:13:35,259 DEBUG    root            Loaded Command Group: [u'gcloud', u'compute', u'instances', u'move']
2019-05-27 16:13:35,261 DEBUG    root            Loaded Command Group: [u'gcloud', u'compute', u'instances', u'network_interfaces']
2019-05-27 16:13:35,262 DEBUG    root            Loaded Command Group: [u'gcloud', u'compute', u'instances', u'list']
2019-05-27 16:13:35,264 DEBUG    root            Loaded Command Group: [u'gcloud', u'compute', u'instances', u'update_access_config']
2019-05-27 16:13:35,265 DEBUG    root            No implementation for release track [GA] for element: [/root/google-cloud-sdk/lib/surface/compute/instances/resume]
2019-05-27 16:13:35,282 DEBUG    root            Loaded Command Group: [u'gcloud', u'compute', u'instances', u'get_iam_policy']
2019-05-27 16:13:35,286 DEBUG    root            No implementation for release track [GA] for element: [/root/google-cloud-sdk/lib/surface/compute/instances/os_inventory]
2019-05-27 16:13:35,287 DEBUG    root            Loaded Command Group: [u'gcloud', u'compute', u'instances', u'get_shielded_identity']
2019-05-27 16:13:35,288 DEBUG    root            Loaded Command Group: [u'gcloud', u'compute', u'instances', u'create_with_container']
2019-05-27 16:13:35,296 DEBUG    root            Loaded Command Group: [u'gcloud', u'compute', u'instances', u'add_labels']
2019-05-27 16:13:35,298 DEBUG    root            Loaded Command Group: [u'gcloud', u'compute', u'instances', u'create']
2019-05-27 16:13:35,325 DEBUG    root            Loaded Command Group: [u'gcloud', u'compute', u'instances', u'delete']
2019-05-27 16:13:35,352 DEBUG    root            Metrics reporting process started...
