2019-05-24 10:15:33,964 DEBUG    root            Metrics collector initialized...
2019-05-24 10:15:33,967 DEBUG    root            Loaded Command Group: [u'gcloud', u'components']
2019-05-24 10:15:33,970 DEBUG    root            Loaded Command Group: [u'gcloud', u'components', u'update']
2019-05-24 10:15:33,972 DEBUG    root            Running [gcloud.components.update] with arguments: [--allow-no-backup: "True", --quiet: "True", COMPONENT-IDS:5: "[u'core', u'gcloud-deps', u'bq', u'gcloud', u'gsutil']"]
2019-05-24 10:15:34,017 INFO     ___FILE_ONLY___ 

2019-05-24 10:15:34,017 INFO     ___FILE_ONLY___ 
Your current Cloud SDK version is: 247.0.0

2019-05-24 10:15:34,018 INFO     ___FILE_ONLY___ Installing components from version: 247.0.0

2019-05-24 10:15:34,018 INFO     ___FILE_ONLY___ 

2019-05-24 10:15:34,024 INFO     ___FILE_ONLY___ ┌────────────────────────────────────────────────────────────────────────────┐
2019-05-24 10:15:34,024 INFO     ___FILE_ONLY___ 

2019-05-24 10:15:34,024 INFO     ___FILE_ONLY___ │                    These components will be installed.                     │
2019-05-24 10:15:34,025 INFO     ___FILE_ONLY___ 

2019-05-24 10:15:34,025 INFO     ___FILE_ONLY___ ├─────────────────────────────────────────────────────┬────────────┬─────────┤
2019-05-24 10:15:34,025 INFO     ___FILE_ONLY___ 

2019-05-24 10:15:34,025 INFO     ___FILE_ONLY___ │                         Name                        │  Version   │   Size  │
2019-05-24 10:15:34,025 INFO     ___FILE_ONLY___ 

2019-05-24 10:15:34,025 INFO     ___FILE_ONLY___ ├─────────────────────────────────────────────────────┼────────────┼─────────┤
2019-05-24 10:15:34,025 INFO     ___FILE_ONLY___ 

2019-05-24 10:15:34,025 INFO     ___FILE_ONLY___ │ 
2019-05-24 10:15:34,026 INFO     ___FILE_ONLY___ BigQuery Command Line Tool                         
2019-05-24 10:15:34,026 INFO     ___FILE_ONLY___  
2019-05-24 10:15:34,026 INFO     ___FILE_ONLY___ │ 
2019-05-24 10:15:34,026 INFO     ___FILE_ONLY___     2.0.43
2019-05-24 10:15:34,026 INFO     ___FILE_ONLY___  
2019-05-24 10:15:34,026 INFO     ___FILE_ONLY___ │ 
2019-05-24 10:15:34,026 INFO     ___FILE_ONLY___ < 1 MiB
2019-05-24 10:15:34,026 INFO     ___FILE_ONLY___  
2019-05-24 10:15:34,027 INFO     ___FILE_ONLY___ │
2019-05-24 10:15:34,027 INFO     ___FILE_ONLY___ 

2019-05-24 10:15:34,027 INFO     ___FILE_ONLY___ │ 
2019-05-24 10:15:34,027 INFO     ___FILE_ONLY___ BigQuery Command Line Tool (Platform Specific)     
2019-05-24 10:15:34,027 INFO     ___FILE_ONLY___  
2019-05-24 10:15:34,027 INFO     ___FILE_ONLY___ │ 
2019-05-24 10:15:34,027 INFO     ___FILE_ONLY___     2.0.34
2019-05-24 10:15:34,027 INFO     ___FILE_ONLY___  
2019-05-24 10:15:34,028 INFO     ___FILE_ONLY___ │ 
2019-05-24 10:15:34,028 INFO     ___FILE_ONLY___ < 1 MiB
2019-05-24 10:15:34,028 INFO     ___FILE_ONLY___  
2019-05-24 10:15:34,028 INFO     ___FILE_ONLY___ │
2019-05-24 10:15:34,028 INFO     ___FILE_ONLY___ 

2019-05-24 10:15:34,028 INFO     ___FILE_ONLY___ │ 
2019-05-24 10:15:34,028 INFO     ___FILE_ONLY___ Cloud SDK Core Libraries (Platform Specific)       
2019-05-24 10:15:34,028 INFO     ___FILE_ONLY___  
2019-05-24 10:15:34,028 INFO     ___FILE_ONLY___ │ 
2019-05-24 10:15:34,029 INFO     ___FILE_ONLY___ 2018.09.24
2019-05-24 10:15:34,029 INFO     ___FILE_ONLY___  
2019-05-24 10:15:34,029 INFO     ___FILE_ONLY___ │ 
2019-05-24 10:15:34,029 INFO     ___FILE_ONLY___ < 1 MiB
2019-05-24 10:15:34,029 INFO     ___FILE_ONLY___  
2019-05-24 10:15:34,029 INFO     ___FILE_ONLY___ │
2019-05-24 10:15:34,029 INFO     ___FILE_ONLY___ 

2019-05-24 10:15:34,029 INFO     ___FILE_ONLY___ │ 
2019-05-24 10:15:34,030 INFO     ___FILE_ONLY___ Cloud Storage Command Line Tool                    
2019-05-24 10:15:34,030 INFO     ___FILE_ONLY___  
2019-05-24 10:15:34,030 INFO     ___FILE_ONLY___ │ 
2019-05-24 10:15:34,030 INFO     ___FILE_ONLY___       4.38
2019-05-24 10:15:34,030 INFO     ___FILE_ONLY___  
2019-05-24 10:15:34,030 INFO     ___FILE_ONLY___ │ 
2019-05-24 10:15:34,030 INFO     ___FILE_ONLY___ 3.8 MiB
2019-05-24 10:15:34,030 INFO     ___FILE_ONLY___  
2019-05-24 10:15:34,030 INFO     ___FILE_ONLY___ │
2019-05-24 10:15:34,031 INFO     ___FILE_ONLY___ 

2019-05-24 10:15:34,031 INFO     ___FILE_ONLY___ │ 
2019-05-24 10:15:34,031 INFO     ___FILE_ONLY___ Cloud Storage Command Line Tool (Platform Specific)
2019-05-24 10:15:34,031 INFO     ___FILE_ONLY___  
2019-05-24 10:15:34,031 INFO     ___FILE_ONLY___ │ 
2019-05-24 10:15:34,031 INFO     ___FILE_ONLY___       4.34
2019-05-24 10:15:34,031 INFO     ___FILE_ONLY___  
2019-05-24 10:15:34,031 INFO     ___FILE_ONLY___ │ 
2019-05-24 10:15:34,032 INFO     ___FILE_ONLY___ < 1 MiB
2019-05-24 10:15:34,032 INFO     ___FILE_ONLY___  
2019-05-24 10:15:34,032 INFO     ___FILE_ONLY___ │
2019-05-24 10:15:34,032 INFO     ___FILE_ONLY___ 

2019-05-24 10:15:34,032 INFO     ___FILE_ONLY___ │ 
2019-05-24 10:15:34,032 INFO     ___FILE_ONLY___ Default set of gcloud commands                     
2019-05-24 10:15:34,032 INFO     ___FILE_ONLY___  
2019-05-24 10:15:34,032 INFO     ___FILE_ONLY___ │ 
2019-05-24 10:15:34,032 INFO     ___FILE_ONLY___           
2019-05-24 10:15:34,033 INFO     ___FILE_ONLY___  
2019-05-24 10:15:34,033 INFO     ___FILE_ONLY___ │ 
2019-05-24 10:15:34,033 INFO     ___FILE_ONLY___        
2019-05-24 10:15:34,033 INFO     ___FILE_ONLY___  
2019-05-24 10:15:34,033 INFO     ___FILE_ONLY___ │
2019-05-24 10:15:34,033 INFO     ___FILE_ONLY___ 

2019-05-24 10:15:34,033 INFO     ___FILE_ONLY___ │ 
2019-05-24 10:15:34,033 INFO     ___FILE_ONLY___ gcloud cli dependencies                            
2019-05-24 10:15:34,034 INFO     ___FILE_ONLY___  
2019-05-24 10:15:34,034 INFO     ___FILE_ONLY___ │ 
2019-05-24 10:15:34,034 INFO     ___FILE_ONLY___ 2018.08.03
2019-05-24 10:15:34,034 INFO     ___FILE_ONLY___  
2019-05-24 10:15:34,034 INFO     ___FILE_ONLY___ │ 
2019-05-24 10:15:34,034 INFO     ___FILE_ONLY___ 8.6 MiB
2019-05-24 10:15:34,034 INFO     ___FILE_ONLY___  
2019-05-24 10:15:34,034 INFO     ___FILE_ONLY___ │
2019-05-24 10:15:34,034 INFO     ___FILE_ONLY___ 

2019-05-24 10:15:34,035 INFO     ___FILE_ONLY___ └─────────────────────────────────────────────────────┴────────────┴─────────┘
2019-05-24 10:15:34,035 INFO     ___FILE_ONLY___ 

2019-05-24 10:15:34,035 INFO     ___FILE_ONLY___ 

2019-05-24 10:15:34,160 INFO     ___FILE_ONLY___ For the latest full release notes, please visit:
  https://cloud.google.com/sdk/release_notes


2019-05-24 10:15:34,162 INFO     ___FILE_ONLY___ ╔════════════════════════════════════════════════════════════╗

2019-05-24 10:15:34,162 INFO     ___FILE_ONLY___ ╠═ Creating update staging area                             ═╣

2019-05-24 10:15:34,162 INFO     ___FILE_ONLY___ ╚
2019-05-24 10:15:34,162 INFO     ___FILE_ONLY___ ══════
2019-05-24 10:15:34,162 INFO     ___FILE_ONLY___ ══════
2019-05-24 10:15:34,163 INFO     ___FILE_ONLY___ ══════
2019-05-24 10:15:34,214 INFO     ___FILE_ONLY___ ═
2019-05-24 10:15:34,234 INFO     ___FILE_ONLY___ ═
2019-05-24 10:15:34,253 INFO     ___FILE_ONLY___ ═
2019-05-24 10:15:34,277 INFO     ___FILE_ONLY___ ═
2019-05-24 10:15:34,320 INFO     ___FILE_ONLY___ ═
2019-05-24 10:15:34,340 INFO     ___FILE_ONLY___ ═
2019-05-24 10:15:34,354 INFO     ___FILE_ONLY___ ═
2019-05-24 10:15:34,371 INFO     ___FILE_ONLY___ ═
2019-05-24 10:15:34,383 INFO     ___FILE_ONLY___ ═
2019-05-24 10:15:34,396 INFO     ___FILE_ONLY___ ═
2019-05-24 10:15:34,413 INFO     ___FILE_ONLY___ ═
2019-05-24 10:15:34,430 INFO     ___FILE_ONLY___ ═
2019-05-24 10:15:34,456 INFO     ___FILE_ONLY___ ═
2019-05-24 10:15:34,468 INFO     ___FILE_ONLY___ ═
2019-05-24 10:15:34,481 INFO     ___FILE_ONLY___ ═
2019-05-24 10:15:34,497 INFO     ___FILE_ONLY___ ═
2019-05-24 10:15:34,508 INFO     ___FILE_ONLY___ ═
2019-05-24 10:15:34,518 INFO     ___FILE_ONLY___ ═
2019-05-24 10:15:34,526 INFO     ___FILE_ONLY___ ═
2019-05-24 10:15:34,534 INFO     ___FILE_ONLY___ ═
2019-05-24 10:15:34,545 INFO     ___FILE_ONLY___ ═
2019-05-24 10:15:34,565 INFO     ___FILE_ONLY___ ═
2019-05-24 10:15:34,577 INFO     ___FILE_ONLY___ ═
2019-05-24 10:15:34,589 INFO     ___FILE_ONLY___ ═
2019-05-24 10:15:34,622 INFO     ___FILE_ONLY___ ═
2019-05-24 10:15:34,638 INFO     ___FILE_ONLY___ ═
2019-05-24 10:15:34,651 INFO     ___FILE_ONLY___ ═
2019-05-24 10:15:34,664 INFO     ___FILE_ONLY___ ═
2019-05-24 10:15:34,677 INFO     ___FILE_ONLY___ ═
2019-05-24 10:15:34,692 INFO     ___FILE_ONLY___ ═
2019-05-24 10:15:34,704 INFO     ___FILE_ONLY___ ═
2019-05-24 10:15:34,719 INFO     ___FILE_ONLY___ ═
2019-05-24 10:15:34,731 INFO     ___FILE_ONLY___ ═
2019-05-24 10:15:34,742 INFO     ___FILE_ONLY___ ═
2019-05-24 10:15:34,760 INFO     ___FILE_ONLY___ ═
2019-05-24 10:15:34,775 INFO     ___FILE_ONLY___ ═
2019-05-24 10:15:34,795 INFO     ___FILE_ONLY___ ═
2019-05-24 10:15:34,809 INFO     ___FILE_ONLY___ ═
2019-05-24 10:15:34,823 INFO     ___FILE_ONLY___ ═
2019-05-24 10:15:34,834 INFO     ___FILE_ONLY___ ═
2019-05-24 10:15:34,880 INFO     ___FILE_ONLY___ ═
2019-05-24 10:15:34,887 INFO     ___FILE_ONLY___ ═
2019-05-24 10:15:34,887 INFO     ___FILE_ONLY___ ╝
2019-05-24 10:15:34,889 INFO     ___FILE_ONLY___ ╠════════════════════════════════════════════════════════════╣

2019-05-24 10:15:34,889 INFO     ___FILE_ONLY___ ╠═ Installing: BigQuery Command Line Tool                   ═╣

2019-05-24 10:15:34,889 INFO     ___FILE_ONLY___ ╚
2019-05-24 10:15:35,014 INFO     ___FILE_ONLY___ ═
2019-05-24 10:15:35,019 INFO     ___FILE_ONLY___ ═
2019-05-24 10:15:35,030 INFO     ___FILE_ONLY___ ═
2019-05-24 10:15:35,033 INFO     ___FILE_ONLY___ ═
2019-05-24 10:15:35,036 INFO     ___FILE_ONLY___ ═
2019-05-24 10:15:35,042 INFO     ___FILE_ONLY___ ═
2019-05-24 10:15:35,044 INFO     ___FILE_ONLY___ ═
2019-05-24 10:15:35,047 INFO     ___FILE_ONLY___ ═
2019-05-24 10:15:35,049 INFO     ___FILE_ONLY___ ═
2019-05-24 10:15:35,051 INFO     ___FILE_ONLY___ ═
2019-05-24 10:15:35,053 INFO     ___FILE_ONLY___ ═
2019-05-24 10:15:35,054 INFO     ___FILE_ONLY___ ═
2019-05-24 10:15:35,055 INFO     ___FILE_ONLY___ ═
2019-05-24 10:15:35,056 INFO     ___FILE_ONLY___ ═
2019-05-24 10:15:35,057 INFO     ___FILE_ONLY___ ═
2019-05-24 10:15:35,059 INFO     ___FILE_ONLY___ ═
2019-05-24 10:15:35,060 INFO     ___FILE_ONLY___ ═
2019-05-24 10:15:35,061 INFO     ___FILE_ONLY___ ═
2019-05-24 10:15:35,063 INFO     ___FILE_ONLY___ ═
2019-05-24 10:15:35,064 INFO     ___FILE_ONLY___ ═
2019-05-24 10:15:35,064 INFO     ___FILE_ONLY___ ═
2019-05-24 10:15:35,065 INFO     ___FILE_ONLY___ ═
2019-05-24 10:15:35,067 INFO     ___FILE_ONLY___ ═
2019-05-24 10:15:35,067 INFO     ___FILE_ONLY___ ═
2019-05-24 10:15:35,068 INFO     ___FILE_ONLY___ ═
2019-05-24 10:15:35,069 INFO     ___FILE_ONLY___ ═
2019-05-24 10:15:35,069 INFO     ___FILE_ONLY___ ═
2019-05-24 10:15:35,070 INFO     ___FILE_ONLY___ ═
2019-05-24 10:15:35,071 INFO     ___FILE_ONLY___ ═
2019-05-24 10:15:35,072 INFO     ___FILE_ONLY___ ═
2019-05-24 10:15:35,108 INFO     ___FILE_ONLY___ ═
2019-05-24 10:15:35,110 INFO     ___FILE_ONLY___ ═
2019-05-24 10:15:35,112 INFO     ___FILE_ONLY___ ═
2019-05-24 10:15:35,113 INFO     ___FILE_ONLY___ ═
2019-05-24 10:15:35,115 INFO     ___FILE_ONLY___ ═
2019-05-24 10:15:35,116 INFO     ___FILE_ONLY___ ═
2019-05-24 10:15:35,118 INFO     ___FILE_ONLY___ ═
2019-05-24 10:15:35,119 INFO     ___FILE_ONLY___ ═
2019-05-24 10:15:35,121 INFO     ___FILE_ONLY___ ═
2019-05-24 10:15:35,123 INFO     ___FILE_ONLY___ ═
2019-05-24 10:15:35,125 INFO     ___FILE_ONLY___ ═
2019-05-24 10:15:35,126 INFO     ___FILE_ONLY___ ═
2019-05-24 10:15:35,128 INFO     ___FILE_ONLY___ ═
2019-05-24 10:15:35,130 INFO     ___FILE_ONLY___ ═
2019-05-24 10:15:35,131 INFO     ___FILE_ONLY___ ═
2019-05-24 10:15:35,132 INFO     ___FILE_ONLY___ ═
2019-05-24 10:15:35,133 INFO     ___FILE_ONLY___ ═
2019-05-24 10:15:35,135 INFO     ___FILE_ONLY___ ═
2019-05-24 10:15:35,137 INFO     ___FILE_ONLY___ ═
2019-05-24 10:15:35,140 INFO     ___FILE_ONLY___ ═
2019-05-24 10:15:35,143 INFO     ___FILE_ONLY___ ═
2019-05-24 10:15:35,145 INFO     ___FILE_ONLY___ ═
2019-05-24 10:15:35,147 INFO     ___FILE_ONLY___ ═
2019-05-24 10:15:35,148 INFO     ___FILE_ONLY___ ═
2019-05-24 10:15:35,150 INFO     ___FILE_ONLY___ ═
2019-05-24 10:15:35,152 INFO     ___FILE_ONLY___ ═
2019-05-24 10:15:35,154 INFO     ___FILE_ONLY___ ═
2019-05-24 10:15:35,156 INFO     ___FILE_ONLY___ ═
2019-05-24 10:15:35,163 INFO     ___FILE_ONLY___ ═
2019-05-24 10:15:35,167 INFO     ___FILE_ONLY___ ═
2019-05-24 10:15:35,167 INFO     ___FILE_ONLY___ ╝
2019-05-24 10:15:35,172 INFO     ___FILE_ONLY___ ╠════════════════════════════════════════════════════════════╣

2019-05-24 10:15:35,173 INFO     ___FILE_ONLY___ ╠═ Installing: BigQuery Command Line Tool (Platform Spec... ═╣

2019-05-24 10:15:35,173 INFO     ___FILE_ONLY___ ╚
2019-05-24 10:15:35,205 INFO     ___FILE_ONLY___ ══════════════════════════════
2019-05-24 10:15:35,206 INFO     ___FILE_ONLY___ ═══════════════
2019-05-24 10:15:35,206 INFO     ___FILE_ONLY___ ═══════════════
2019-05-24 10:15:35,206 INFO     ___FILE_ONLY___ ╝
2019-05-24 10:15:35,209 INFO     ___FILE_ONLY___ ╠════════════════════════════════════════════════════════════╣

2019-05-24 10:15:35,209 INFO     ___FILE_ONLY___ ╠═ Installing: Cloud SDK Core Libraries (Platform Specific) ═╣

2019-05-24 10:15:35,210 INFO     ___FILE_ONLY___ ╚
2019-05-24 10:15:35,315 INFO     ___FILE_ONLY___ ══════════════════════════════
2019-05-24 10:15:35,316 INFO     ___FILE_ONLY___ ══════════
2019-05-24 10:15:35,317 INFO     ___FILE_ONLY___ ═════════
2019-05-24 10:15:35,317 INFO     ___FILE_ONLY___ ═══════════
2019-05-24 10:15:35,317 INFO     ___FILE_ONLY___ ╝
2019-05-24 10:15:35,320 INFO     ___FILE_ONLY___ ╠════════════════════════════════════════════════════════════╣

2019-05-24 10:15:35,320 INFO     ___FILE_ONLY___ ╠═ Installing: Cloud Storage Command Line Tool              ═╣

2019-05-24 10:15:35,320 INFO     ___FILE_ONLY___ ╚
2019-05-24 10:15:35,473 INFO     ___FILE_ONLY___ ═
2019-05-24 10:15:35,485 INFO     ___FILE_ONLY___ ═
2019-05-24 10:15:35,492 INFO     ___FILE_ONLY___ ═
2019-05-24 10:15:35,498 INFO     ___FILE_ONLY___ ═
2019-05-24 10:15:35,502 INFO     ___FILE_ONLY___ ═
2019-05-24 10:15:35,505 INFO     ___FILE_ONLY___ ═
2019-05-24 10:15:35,508 INFO     ___FILE_ONLY___ ═
2019-05-24 10:15:35,510 INFO     ___FILE_ONLY___ ═
2019-05-24 10:15:35,512 INFO     ___FILE_ONLY___ ═
2019-05-24 10:15:35,514 INFO     ___FILE_ONLY___ ═
2019-05-24 10:15:35,516 INFO     ___FILE_ONLY___ ═
2019-05-24 10:15:35,517 INFO     ___FILE_ONLY___ ═
2019-05-24 10:15:35,519 INFO     ___FILE_ONLY___ ═
2019-05-24 10:15:35,521 INFO     ___FILE_ONLY___ ═
2019-05-24 10:15:35,522 INFO     ___FILE_ONLY___ ═
2019-05-24 10:15:35,523 INFO     ___FILE_ONLY___ ═
2019-05-24 10:15:35,524 INFO     ___FILE_ONLY___ ═
2019-05-24 10:15:35,525 INFO     ___FILE_ONLY___ ═
2019-05-24 10:15:35,526 INFO     ___FILE_ONLY___ ═
2019-05-24 10:15:35,527 INFO     ___FILE_ONLY___ ═
2019-05-24 10:15:35,528 INFO     ___FILE_ONLY___ ═
2019-05-24 10:15:35,529 INFO     ___FILE_ONLY___ ═
2019-05-24 10:15:35,530 INFO     ___FILE_ONLY___ ═
2019-05-24 10:15:35,530 INFO     ___FILE_ONLY___ ═
2019-05-24 10:15:35,531 INFO     ___FILE_ONLY___ ═
2019-05-24 10:15:35,531 INFO     ___FILE_ONLY___ ═
2019-05-24 10:15:35,532 INFO     ___FILE_ONLY___ ═
2019-05-24 10:15:35,533 INFO     ___FILE_ONLY___ ═
2019-05-24 10:15:35,533 INFO     ___FILE_ONLY___ ═
2019-05-24 10:15:35,535 INFO     ___FILE_ONLY___ ═
2019-05-24 10:15:35,805 INFO     ___FILE_ONLY___ ═
2019-05-24 10:15:35,824 INFO     ___FILE_ONLY___ ═
2019-05-24 10:15:35,839 INFO     ___FILE_ONLY___ ═
2019-05-24 10:15:35,850 INFO     ___FILE_ONLY___ ═
2019-05-24 10:15:35,860 INFO     ___FILE_ONLY___ ═
2019-05-24 10:15:35,873 INFO     ___FILE_ONLY___ ═
2019-05-24 10:15:35,886 INFO     ___FILE_ONLY___ ═
2019-05-24 10:15:35,896 INFO     ___FILE_ONLY___ ═
2019-05-24 10:15:35,907 INFO     ___FILE_ONLY___ ═
2019-05-24 10:15:35,920 INFO     ___FILE_ONLY___ ═
2019-05-24 10:15:35,933 INFO     ___FILE_ONLY___ ═
2019-05-24 10:15:35,950 INFO     ___FILE_ONLY___ ═
2019-05-24 10:15:35,966 INFO     ___FILE_ONLY___ ═
2019-05-24 10:15:35,982 INFO     ___FILE_ONLY___ ═
2019-05-24 10:15:35,999 INFO     ___FILE_ONLY___ ═
2019-05-24 10:15:36,016 INFO     ___FILE_ONLY___ ═
2019-05-24 10:15:36,030 INFO     ___FILE_ONLY___ ═
2019-05-24 10:15:36,043 INFO     ___FILE_ONLY___ ═
2019-05-24 10:15:36,055 INFO     ___FILE_ONLY___ ═
2019-05-24 10:15:36,066 INFO     ___FILE_ONLY___ ═
2019-05-24 10:15:36,081 INFO     ___FILE_ONLY___ ═
2019-05-24 10:15:36,092 INFO     ___FILE_ONLY___ ═
2019-05-24 10:15:36,104 INFO     ___FILE_ONLY___ ═
2019-05-24 10:15:36,116 INFO     ___FILE_ONLY___ ═
2019-05-24 10:15:36,129 INFO     ___FILE_ONLY___ ═
2019-05-24 10:15:36,143 INFO     ___FILE_ONLY___ ═
2019-05-24 10:15:36,156 INFO     ___FILE_ONLY___ ═
2019-05-24 10:15:36,168 INFO     ___FILE_ONLY___ ═
2019-05-24 10:15:36,188 INFO     ___FILE_ONLY___ ═
2019-05-24 10:15:36,204 INFO     ___FILE_ONLY___ ═
2019-05-24 10:15:36,205 INFO     ___FILE_ONLY___ ╝
2019-05-24 10:15:36,239 INFO     ___FILE_ONLY___ ╠════════════════════════════════════════════════════════════╣

2019-05-24 10:15:36,239 INFO     ___FILE_ONLY___ ╠═ Installing: Cloud Storage Command Line Tool (Platform... ═╣

2019-05-24 10:15:36,239 INFO     ___FILE_ONLY___ ╚
2019-05-24 10:15:36,346 INFO     ___FILE_ONLY___ ══════════════════════════════
2019-05-24 10:15:36,347 INFO     ___FILE_ONLY___ ═══════════════
2019-05-24 10:15:36,348 INFO     ___FILE_ONLY___ ═══════════════
2019-05-24 10:15:36,348 INFO     ___FILE_ONLY___ ╝
2019-05-24 10:15:36,351 INFO     ___FILE_ONLY___ ╠════════════════════════════════════════════════════════════╣

2019-05-24 10:15:36,351 INFO     ___FILE_ONLY___ ╠═ Installing: Default set of gcloud commands               ═╣

2019-05-24 10:15:36,351 INFO     ___FILE_ONLY___ ╚
2019-05-24 10:15:36,353 INFO     ___FILE_ONLY___ ════════════════════════════════════════════════════════════
2019-05-24 10:15:36,353 INFO     ___FILE_ONLY___ ╝
2019-05-24 10:15:36,354 INFO     ___FILE_ONLY___ ╠════════════════════════════════════════════════════════════╣

2019-05-24 10:15:36,354 INFO     ___FILE_ONLY___ ╠═ Installing: gcloud cli dependencies                      ═╣

2019-05-24 10:15:36,354 INFO     ___FILE_ONLY___ ╚
2019-05-24 10:15:36,445 INFO     ___FILE_ONLY___ ═
2019-05-24 10:15:36,458 INFO     ___FILE_ONLY___ ═
2019-05-24 10:15:36,466 INFO     ___FILE_ONLY___ ═
2019-05-24 10:15:36,471 INFO     ___FILE_ONLY___ ═
2019-05-24 10:15:36,475 INFO     ___FILE_ONLY___ ═
2019-05-24 10:15:36,479 INFO     ___FILE_ONLY___ ═
2019-05-24 10:15:36,481 INFO     ___FILE_ONLY___ ═
2019-05-24 10:15:36,483 INFO     ___FILE_ONLY___ ═
2019-05-24 10:15:36,485 INFO     ___FILE_ONLY___ ═
2019-05-24 10:15:36,487 INFO     ___FILE_ONLY___ ═
2019-05-24 10:15:36,489 INFO     ___FILE_ONLY___ ═
2019-05-24 10:15:36,491 INFO     ___FILE_ONLY___ ═
2019-05-24 10:15:36,492 INFO     ___FILE_ONLY___ ═
2019-05-24 10:15:36,493 INFO     ___FILE_ONLY___ ═
2019-05-24 10:15:36,495 INFO     ___FILE_ONLY___ ═
2019-05-24 10:15:36,496 INFO     ___FILE_ONLY___ ═
2019-05-24 10:15:36,498 INFO     ___FILE_ONLY___ ═
2019-05-24 10:15:36,499 INFO     ___FILE_ONLY___ ═
2019-05-24 10:15:36,500 INFO     ___FILE_ONLY___ ═
2019-05-24 10:15:36,502 INFO     ___FILE_ONLY___ ═
2019-05-24 10:15:36,506 INFO     ___FILE_ONLY___ ═
2019-05-24 10:15:36,507 INFO     ___FILE_ONLY___ ═
2019-05-24 10:15:36,509 INFO     ___FILE_ONLY___ ═
2019-05-24 10:15:36,511 INFO     ___FILE_ONLY___ ═
2019-05-24 10:15:36,512 INFO     ___FILE_ONLY___ ═
2019-05-24 10:15:36,514 INFO     ___FILE_ONLY___ ═
2019-05-24 10:15:36,515 INFO     ___FILE_ONLY___ ═
2019-05-24 10:15:36,516 INFO     ___FILE_ONLY___ ═
2019-05-24 10:15:36,518 INFO     ___FILE_ONLY___ ═
2019-05-24 10:15:36,521 INFO     ___FILE_ONLY___ ═
2019-05-24 10:15:36,760 INFO     ___FILE_ONLY___ ═
2019-05-24 10:15:36,760 INFO     ___FILE_ONLY___ ═
2019-05-24 10:15:36,761 INFO     ___FILE_ONLY___ ═
2019-05-24 10:15:36,762 INFO     ___FILE_ONLY___ ═
2019-05-24 10:15:36,762 INFO     ___FILE_ONLY___ ═
2019-05-24 10:15:36,763 INFO     ___FILE_ONLY___ ═
2019-05-24 10:15:36,763 INFO     ___FILE_ONLY___ ═
2019-05-24 10:15:36,764 INFO     ___FILE_ONLY___ ═
2019-05-24 10:15:36,764 INFO     ___FILE_ONLY___ ═
2019-05-24 10:15:36,765 INFO     ___FILE_ONLY___ ═
2019-05-24 10:15:36,765 INFO     ___FILE_ONLY___ ═
2019-05-24 10:15:36,766 INFO     ___FILE_ONLY___ ═
2019-05-24 10:15:36,766 INFO     ___FILE_ONLY___ ═
2019-05-24 10:15:36,766 INFO     ___FILE_ONLY___ ═
2019-05-24 10:15:36,767 INFO     ___FILE_ONLY___ ═
2019-05-24 10:15:36,767 INFO     ___FILE_ONLY___ ═
2019-05-24 10:15:36,768 INFO     ___FILE_ONLY___ ═
2019-05-24 10:15:36,768 INFO     ___FILE_ONLY___ ═
2019-05-24 10:15:36,769 INFO     ___FILE_ONLY___ ═
2019-05-24 10:15:36,770 INFO     ___FILE_ONLY___ ═
2019-05-24 10:15:36,770 INFO     ___FILE_ONLY___ ═
2019-05-24 10:15:36,771 INFO     ___FILE_ONLY___ ═
2019-05-24 10:15:36,771 INFO     ___FILE_ONLY___ ═
2019-05-24 10:15:36,772 INFO     ___FILE_ONLY___ ═
2019-05-24 10:15:36,996 INFO     ___FILE_ONLY___ ═
2019-05-24 10:15:36,997 INFO     ___FILE_ONLY___ ═
2019-05-24 10:15:37,000 INFO     ___FILE_ONLY___ ═
2019-05-24 10:15:37,001 INFO     ___FILE_ONLY___ ═
2019-05-24 10:15:37,001 INFO     ___FILE_ONLY___ ═
2019-05-24 10:15:37,002 INFO     ___FILE_ONLY___ ═
2019-05-24 10:15:37,002 INFO     ___FILE_ONLY___ ╝
2019-05-24 10:15:37,007 INFO     ___FILE_ONLY___ ╠════════════════════════════════════════════════════════════╣

2019-05-24 10:15:37,007 INFO     ___FILE_ONLY___ ╠═ Creating backup and activating new installation          ═╣

2019-05-24 10:15:37,007 INFO     ___FILE_ONLY___ ╚
2019-05-24 10:15:37,007 DEBUG    root            Attempting to move directory [/root/google-cloud-sdk] to [/root/google-cloud-sdk.staging/.install/.backup]
2019-05-24 10:15:37,007 INFO     ___FILE_ONLY___ ══════════════════════════════
2019-05-24 10:15:37,008 DEBUG    root            Attempting to move directory [/root/google-cloud-sdk.staging] to [/root/google-cloud-sdk]
2019-05-24 10:15:37,008 INFO     ___FILE_ONLY___ ══════════════════════════════
2019-05-24 10:15:37,008 INFO     ___FILE_ONLY___ ╝

2019-05-24 10:15:37,011 DEBUG    root            Updating notification cache...
2019-05-24 10:15:37,011 INFO     ___FILE_ONLY___ 

2019-05-24 10:15:37,012 INFO     ___FILE_ONLY___ Performing post processing steps...
2019-05-24 10:15:37,012 DEBUG    root            Executing command: ['/usr/bin/python2', u'-S', u'/root/google-cloud-sdk/lib/gcloud.py', u'components', u'post-process']
2019-05-24 10:15:44,705 DEBUG    ___FILE_ONLY___ 
2019-05-24 10:15:44,705 DEBUG    ___FILE_ONLY___ 
2019-05-24 10:15:44,783 INFO     ___FILE_ONLY___ 
Update done!


2019-05-24 10:15:44,865 WARNING  root              There are older versions of Google Cloud Platform tools on your system PATH.
  Please remove the following to avoid accidentally invoking these old tools:

  /usr/lib/google-cloud-sdk/bin/git-credential-gcloud.sh
/usr/lib/google-cloud-sdk/bin/gsutil
/usr/lib/google-cloud-sdk/bin/bq
/usr/lib/google-cloud-sdk/bin/gcloud

  
2019-05-24 10:15:44,868 INFO     root            Display format: "none"
2019-05-24 10:15:44,869 INFO     ___FILE_ONLY___ 

To take a quick anonymous survey, run:
  $ gcloud alpha survey


2019-05-24 10:16:13,679 DEBUG    root            Metrics reporting process started...
