2019-05-24 11:52:40,021 DEBUG    root            Loaded Command Group: [u'gcloud', u'config']
2019-05-24 11:52:40,025 DEBUG    root            Loaded Command Group: [u'gcloud', u'config', u'config_helper']
2019-05-24 11:52:40,028 DEBUG    root            Running [gcloud.config.config-helper] with arguments: [--format: "json"]
2019-05-24 11:52:40,089 INFO     root            Display format: "default json"
2019-05-24 11:52:40,090 INFO     ___FILE_ONLY___ {
  "configuration": {
    "active_configuration": "default",
    "properties": {
      "core": {
        "account": "1087612833997-compute@developer.gserviceaccount.com",
        "disable_usage_reporting": "False",
        "project": "applied-fusion-241610"
      }
    }
  },
  "credential": {
    "access_token": "ya29.c.ElwTB-40VYcG_luDpBnDmBySyrbLzh8cn2dIheCSKXsynHLhZOnrGmJaqE60GNovS1u4-WF_PTm6ZPvdZAzCPuF_pwHUGUOHX0v02YMGYYxaVLDIXBMe5zWKxPj99Q",
    "id_token": null,
    "token_expiry": "2019-05-24T12:32:41Z"
  },
  "sentinels": {
    "config_sentinel": "/root/.config/gcloud/config_sentinel"
  }
}
2019-05-24 11:52:40,090 INFO     ___FILE_ONLY___ 

2019-05-24 11:52:40,133 DEBUG    root            Metrics reporting process started...
