2019-05-24 14:29:04,652 DEBUG    root            Loaded Command Group: [u'gcloud', u'config']
2019-05-24 14:29:04,654 DEBUG    root            Loaded Command Group: [u'gcloud', u'config', u'config_helper']
2019-05-24 14:29:04,663 DEBUG    root            Running [gcloud.config.config-helper] with arguments: [--format: "json"]
2019-05-24 14:29:04,720 INFO     root            Display format: "default json"
2019-05-24 14:29:04,733 INFO     ___FILE_ONLY___ {
  "configuration": {
    "active_configuration": "default",
    "properties": {
      "core": {
        "account": "1087612833997-compute@developer.gserviceaccount.com",
        "disable_usage_reporting": "False",
        "project": "applied-fusion-241610"
      }
    }
  },
  "credential": {
    "access_token": "ya29.c.ElwTB003PrR_dF2BaCWjWHqnWFsA2aQ-Kdy6ovBeVfs0mhjLSEsVO_4iRfdb0KhWgz7cmEl_affIV_4nsalpB6FZy5Yc8IX9ssGzDBvoJ5QPpf6fB9EfNf5lj6ZNaQ",
    "id_token": null,
    "token_expiry": "2019-05-24T15:28:20Z"
  },
  "sentinels": {
    "config_sentinel": "/root/.config/gcloud/config_sentinel"
  }
}
2019-05-24 14:29:04,733 INFO     ___FILE_ONLY___ 

2019-05-24 14:29:04,785 DEBUG    root            Metrics reporting process started...
