2019-05-24 16:40:22,748 DEBUG    root            Loaded Command Group: [u'gcloud', u'config']
2019-05-24 16:40:22,751 DEBUG    root            Loaded Command Group: [u'gcloud', u'config', u'config_helper']
2019-05-24 16:40:22,763 DEBUG    root            Running [gcloud.config.config-helper] with arguments: [--format: "json"]
2019-05-24 16:40:22,822 INFO     root            Display format: "default json"
2019-05-24 16:40:22,823 INFO     ___FILE_ONLY___ {
  "configuration": {
    "active_configuration": "default",
    "properties": {
      "core": {
        "account": "1087612833997-compute@developer.gserviceaccount.com",
        "disable_usage_reporting": "False",
        "project": "applied-fusion-241610"
      }
    }
  },
  "credential": {
    "access_token": "ya29.c.ElwTB_H5kSLEhAVBiOqp9ghcmtXekyUmz1EiuC4yCSeRbravqJJDwrtzp35LFFSb-0JvrdFzuLrBkbcoCP_ioXIJNXFj__l_Ct3l8gFSYncBrzz77c5cMqKlYpoxQA",
    "id_token": null,
    "token_expiry": "2019-05-24T17:15:20Z"
  },
  "sentinels": {
    "config_sentinel": "/root/.config/gcloud/config_sentinel"
  }
}
2019-05-24 16:40:22,823 INFO     ___FILE_ONLY___ 

2019-05-24 16:40:22,895 DEBUG    root            Metrics reporting process started...
